  DS_Project.cpp
C:\Users\Geramizade\source\repos\DS_Project\DS_Project\KDTree.h(4,10): warning C4067: unexpected tokens following preprocessor directive - expected a newline
  (compiling source file 'DS_Project.cpp')
  
  Hash.cpp
  HashOpenAdr.cpp
  KDTree.cpp
C:\Users\Geramizade\source\repos\DS_Project\DS_Project\KDTree.h(4,10): warning C4067: unexpected tokens following preprocessor directive - expected a newline
  (compiling source file 'KDTree.cpp')
  
C:\Users\Geramizade\source\repos\DS_Project\DS_Project\KDTree.cpp(401,25): warning C4244: 'return': conversion from 'int' to 'float', possible loss of data
  LinkedList.cpp
  Manager.cpp
C:\Users\Geramizade\source\repos\DS_Project\DS_Project\KDTree.h(4,10): warning C4067: unexpected tokens following preprocessor directive - expected a newline
  (compiling source file 'Manager.cpp')
  
C:\Users\Geramizade\source\repos\DS_Project\DS_Project\Manager.cpp(28,21): warning C4101: 'err': unreferenced local variable
C:\Users\Geramizade\source\repos\DS_Project\DS_Project\Manager.cpp(41,22): warning C4101: 'err': unreferenced local variable
C:\Users\Geramizade\source\repos\DS_Project\DS_Project\Manager.cpp(57,21): warning C4101: 'err': unreferenced local variable
C:\Users\Geramizade\source\repos\DS_Project\DS_Project\Manager.cpp(76,20): warning C4101: 'err': unreferenced local variable
  Merge.cpp
  Neighborhood.cpp
  Pair.cpp
  Queue.cpp
  Store.cpp
  Time.cpp
  Vector.cpp
  Generating Code...
  DS_Project.vcxproj -> C:\Users\Geramizade\source\repos\DS_Project\x64\Debug\DS_Project.exe
